<?xml version="1.0" encoding="UTF-8"?>
<!-- Generated by org.testng.reporters.JUnitReportReporter -->
<testsuite skipped="0" hostname="DESKTOP-90PP69S" name="com.TestNG.Practice.BasicClass" tests="2" failures="0" timestamp="18 Jun 2020 06:42:32 GMT" time="0.006" errors="0">
  <testcase name="getMoney" time="0.004" classname="com.TestNG.Practice.BasicClass"/>
  <testcase name="getsalary" time="0.002" classname="com.TestNG.Practice.BasicClass"/>
</testsuite> <!-- com.TestNG.Practice.BasicClass -->
