<?xml version="1.0" encoding="UTF-8"?>
<!-- Generated by org.testng.reporters.JUnitReportReporter -->
<testsuite skipped="1" hostname="DESKTOP-90PP69S" name="com.runner.ZooplaRunner" tests="1" failures="0" timestamp="07 Aug 2020 22:42:07 GMT" time="0.459" errors="0">
  <testcase name="runScenario" time="0.459" classname="com.runner.ZooplaRunner">
    <skipped/>
  </testcase> <!-- runScenario -->
</testsuite> <!-- com.runner.ZooplaRunner -->
